make all --print-data-base --no-builtin-variables --no-builtin-rules --question
# GNU Make 4.3
# Built for x86_64-pc-linux-gnu
# Copyright (C) 1988-2020 Free Software Foundation, Inc.
# License GPLv3+: GNU GPL version 3 or later <http://gnu.org/licenses/gpl.html>
# This is free software: you are free to change and redistribute it.
# There is NO WARRANTY, to the extent permitted by law.

# Make data base, printed on Thu May 12 16:04:08 2022

# Variables

# environment
GDK_BACKEND = x11
# environment
LC_ALL = C
# environment
GNOME_SHELL_SESSION_MODE = ubuntu
# environment
SSH_AGENT_LAUNCHER = gnome-keyring
# environment
SNAP_INSTANCE_KEY = 
# environment
GJS_DEBUG_OUTPUT = stderr
# environment
VSCODE_IPC_HOOK_EXTHOST = /run/user/1000/vscode-ipc-133d4fba-9057-4cfc-86c9-9e21bb536d0f.sock
# environment
LC_NAME = el_GR.UTF-8
# environment
LC_NUMERIC = el_GR.UTF-8
# environment
VSCODE_CWD = /home/ax
# environment
LC_ADDRESS = el_GR.UTF-8
# default
MAKE_COMMAND := make
# environment
QT_ACCESSIBILITY = 1
# automatic
@D = $(patsubst %/,%,$(dir $@))
# environment
SNAP_INSTANCE_NAME = code
# environment
GDK_PIXBUF_MODULEDIR = /snap/code/96/usr/lib/x86_64-linux-gnu/gdk-pixbuf-2.0/2.10.0/loaders
# environment
VSCODE_HANDLES_UNCAUGHT_ERRORS = true
# default
.VARIABLES := 
# environment
PWD = /home/ax/Downloads/sda2/dico_util
# automatic
%D = $(patsubst %/,%,$(dir $%))
# environment
XDG_DATA_DIRS = /usr/share/ubuntu:/usr/local/share/:/usr/share/:/var/lib/snapd/desktop
# automatic
^D = $(patsubst %/,%,$(dir $^))
# environment
VSCODE_LOG_STACK = false
# automatic
%F = $(notdir $%)
# environment
VSCODE_CODE_CACHE_PATH = /home/ax/.config/Code/CachedData/da15b6fd3ef856477bf6f4fb29ba1b7af717770d
# environment
LANG = C
# environment
XAUTHORITY = /run/user/1000/.mutter-Xwaylandauth.YO9WL1
# default
.LOADED := 
# default
.INCLUDE_DIRS = /usr/local/include /usr/include /usr/include
# makefile
MAKEFLAGS = pqrR
# makefile
CURDIR := /home/ax/Downloads/sda2/dico_util
# environment
VSCODE_PIPE_LOGGING = true
# environment
APPLICATION_INSIGHTS_NO_DIAGNOSTIC_CHANNEL = 1
# environment
LESSOPEN = | /usr/bin/lesspipe %s
# automatic
*D = $(patsubst %/,%,$(dir $*))
# environment
MFLAGS = -pqrR
# environment
SSH_AUTH_SOCK = /run/user/1000/keyring/ssh
# default
.SHELLFLAGS := -c
# environment
WAYLAND_DISPLAY = wayland-0
# environment
XDG_CONFIG_DIRS = /etc/xdg/xdg-ubuntu:/etc/xdg
# automatic
+D = $(patsubst %/,%,$(dir $+))
# makefile (from 'Makefile', line 3)
ODIR = obj
# environment
XDG_SESSION_DESKTOP = ubuntu
# makefile (from 'Makefile', line 1)
MAKEFILE_LIST := Makefile
# environment
SNAP_REEXEC = 
# automatic
@F = $(notdir $@)
# environment
VSCODE_VERBOSE_LOGGING = true
# environment
VSCODE_PID = 110359
# environment
XDG_SESSION_TYPE = wayland
# automatic
?D = $(patsubst %/,%,$(dir $?))
# environment
BAMF_DESKTOP_FILE_HINT = /var/lib/snapd/desktop/applications/code_code.desktop
# environment
SESSION_MANAGER = local/ax-Inspiron-3585:@/tmp/.ICE-unix/1292,unix/ax-Inspiron-3585:/tmp/.ICE-unix/1292
# automatic
*F = $(notdir $*)
# environment
CHROME_DESKTOP = code-url-handler.desktop
# environment
DBUS_SESSION_BUS_ADDRESS = unix:path=/run/user/1000/bus
# automatic
<D = $(patsubst %/,%,$(dir $<))
# environment
VSCODE_NLS_CONFIG = {"locale":"en-us","availableLanguages":{},"_languagePackSupport":true}
# default
MAKE_HOST := x86_64-pc-linux-gnu
# environment
GNOME_DESKTOP_SESSION_ID = this-is-deprecated
# makefile
SHELL = /bin/sh
# default
MAKECMDGOALS := all
# environment
PLATFORMIO_CALLER = vscode
# environment
XMODIFIERS = @im=ibus
# environment
GJS_DEBUG_TOPICS = JS ERROR;JS LOG
# environment
SHLVL = 0
# makefile (from 'Makefile', line 2)
SDIR = src
# environment
MAKELEVEL := 0
# environment
IM_CONFIG_CHECK_ENV = 1
# default
MAKE = $(MAKE_COMMAND)
# environment
SNAP_COOKIE = _AMVjL2WYp4oXEpKRFXVqIKZu2V3ABz4g6qJxln9HpKogMW4Dj_s
# environment
PATH = /home/ax/.local/bin:/home/ax/.local/bin:/usr/local/sbin:/usr/local/bin:/usr/sbin:/usr/bin:/sbin:/bin:/usr/games:/usr/local/games:/snap/bin:/snap/bin:/home/ax/.dotnet/tools:/home/ax/.dotnet/tools
# default
MAKEFILES := 
# environment
LC_MONETARY = el_GR.UTF-8
# automatic
^F = $(notdir $^)
# environment
SNAP_USER_COMMON = /home/ax/snap/code/common
# environment
LC_TIME = el_GR.UTF-8
# environment
SNAP = /snap/code/96
# environment
INVOCATION_ID = 36d8f56b5d274f4192140f2ba73e65b6
# environment
SNAP_REVISION = 96
# environment
SNAP_REAL_HOME = /home/ax
# makefile (from 'Makefile', line 4)
BDIR = bin
# environment
VSCODE_LOG_NATIVE = false
# environment
USERNAME = ax
# environment
GNOME_SETUP_DISPLAY = :1
# environment
LC_TELEPHONE = el_GR.UTF-8
# environment
LESSCLOSE = /usr/bin/lesspipe %s %s
# automatic
?F = $(notdir $?)
# environment
NO_PROXY = 127.0.0.1
# environment
XDG_CURRENT_DESKTOP = Unity
# environment
LS_COLORS = 
# automatic
+F = $(notdir $+)
# environment
DESKTOP_SESSION = ubuntu
# environment
ORIGINAL_XDG_CURRENT_DESKTOP = ubuntu:GNOME
# 'override' directive
GNUMAKEFLAGS := 
# environment
LOGNAME = ax
# makefile (from 'Makefile', line 8)
CPPFLAGS = -Iinclude -g
# environment
GIO_LAUNCHED_DESKTOP_FILE = /var/lib/snapd/desktop/applications/code_code.desktop
# environment
PLATFORMIO_PATH = /home/ax/.platformio/python3/bin:/home/ax/.local/bin:/home/ax/.local/bin:/usr/local/sbin:/usr/local/bin:/usr/sbin:/usr/bin:/sbin:/bin:/usr/games:/usr/local/games:/snap/bin:/snap/bin:/home/ax/.dotnet/tools:/home/ax/.dotnet/tools
# environment
SNAP_ARCH = amd64
# makefile
.DEFAULT_GOAL := all
# environment
SYSTEMD_EXEC_PID = 1323
# environment
DISPLAY = :0
# environment
USER = ax
# environment
GTK_MODULES = gail:atk-bridge
# default
MAKE_VERSION := 4.3
# environment
DISABLE_WAYLAND = 1
# environment
SNAP_DATA = /var/snap/code/96
# environment
SNAP_CONTEXT = _AMVjL2WYp4oXEpKRFXVqIKZu2V3ABz4g6qJxln9HpKogMW4Dj_s
# environment
MANAGERPID = 1169
# environment
LC_MEASUREMENT = el_GR.UTF-8
# environment
GIO_LAUNCHED_DESKTOP_FILE_PID = 110320
# environment
_ = /snap/code/96/usr/share/code/code
# makefile (from 'Makefile', line 5)
VER = 
# environment
LC_PAPER = el_GR.UTF-8
# environment
XDG_RUNTIME_DIR = /run/user/1000
# makefile (from 'Makefile', line 11)
CFLAGS = $(CPPFLAGS) 
# environment
GDK_PIXBUF_MODULE_FILE = /home/ax/snap/code/common/.cache/gdk-pixbuf-loaders.cache
# environment
JOURNAL_STREAM = 8:33697
# environment
XDG_SESSION_CLASS = user
# environment
VSCODE_AMD_ENTRYPOINT = vs/workbench/api/node/extensionHostProcess
# environment
PLATFORMIO_IDE = 2.4.3
# environment
HOME = /home/ax
# environment
QT_IM_MODULE = ibus
# environment
ELECTRON_RUN_AS_NODE = 1
# environment
VSCODE_IPC_HOOK = /run/user/1000/vscode-96716efb-1.67.1-main.sock
# environment
SNAP_NAME = code
# environment
GSETTINGS_SCHEMA_DIR = /snap/code/96/usr/share/glib-2.0/schemas
# environment
IM_CONFIG_PHASE = 1
# environment
PAPERSIZE = a4
# default
.RECIPEPREFIX := 
# automatic
<F = $(notdir $<)
# environment
SNAP_VERSION = da15b6fd
# default
SUFFIXES := 
# environment
VSCODE_CLI = 1
# environment
ELECTRON_NO_ATTACH_CONSOLE = 1
# environment
SNAP_COMMON = /var/snap/code/common
# default
.FEATURES := target-specific order-only second-expansion else-if shortest-stem undefine oneshell nocomment grouped-target extra-prereqs archives jobserver output-sync check-symlink load
# environment
SNAP_USER_DATA = /home/ax/snap/code/96
# environment
XDG_MENU_PREFIX = gnome-
# environment
GDMSESSION = ubuntu
# environment
LC_IDENTIFICATION = el_GR.UTF-8
# environment
SNAP_LIBRARY_PATH = /var/lib/snapd/lib/gl:/var/lib/snapd/lib/gl32:/var/lib/snapd/void
 
# variable set hash-table stats:
# Load=142/1024=14%, Rehash=0, Collisions=10/190=5%

# Pattern-specific Variable Values

# No pattern-specific variable values.

# Directories

# src (device 66309, inode 409801): 5 files, no impossibilities so far.
# . (device 66309, inode 393358): 7 files, no impossibilities.
# obj/obj: could not be stat'd.
# obj: could not be stat'd.

# 12 files, no impossibilities in 4 directories.

# Implicit Rules

obj/%.o: src/%.c
#  recipe to execute (from 'Makefile', line 31):
	@mkdir -p $(ODIR)
	gcc-9 $(CFLAGS) -o $@ -c $<

# 1 implicit rules, 0 (0.0%) terminal.
# Files

dist:
#  Implicit rule search has not been done.
#  Modification time never checked.
#  File has not been updated.
#  recipe to execute (from 'Makefile', line 37):
	@mkdir -p dist
	tar -c --lzma -f dist/arbreGeneologique-$(VER).tar.xz include src Makefile Doxyfile README.md

obj/main.o: src/main.c
#  Implicit rule search has been done.
#  Implicit/static pattern stem: 'main'
#  File does not exist.
#  File has been updated.
#  Needs to be updated (-q is set).
# automatic
# @ := obj/main.o
# automatic
# * := main
# automatic
# < := src/main.c
# automatic
# + := src/main.c
# automatic
# % := 
# automatic
# ^ := src/main.c
# automatic
# ? := src/main.c
# automatic
# | := 
# variable set hash-table stats:
# Load=8/32=25%, Rehash=0, Collisions=1/16=6%
#  recipe to execute (from 'Makefile', line 31):
	@mkdir -p $(ODIR)
	gcc-9 $(CFLAGS) -o $@ -c $<

# Not a target:
obj/dico.o:
#  Implicit rule search has not been done.
#  Modification time never checked.
#  File has not been updated.

# Not a target:
Makefile:
#  Implicit rule search has been done.
#  Last modified 2022-05-11 15:24:32.574174708
#  File has been updated.
#  Successfully updated.

clean:
#  Implicit rule search has not been done.
#  Modification time never checked.
#  File has not been updated.
#  recipe to execute (from 'Makefile', line 41):
	rm -rf $(ODIR)/
	rm -rf $(BDIR)/
	rm -rf dist/
	rm -rf doc/

# Not a target:
src/main.c:
#  Implicit rule search has been done.
#  Last modified 2022-05-12 02:15:42.226081254
#  File has been updated.
#  Successfully updated.

# Not a target:
obj/mot.o:
#  Implicit rule search has not been done.
#  Modification time never checked.
#  File has not been updated.

bin/main: obj/main.o obj/dico.o obj/listeg.o obj/mot.o
#  Implicit rule search has not been done.
#  File does not exist.
#  File has been updated.
#  Needs to be updated (-q is set).
# variable set hash-table stats:
# Load=0/32=0%, Rehash=0, Collisions=0/6=0%
#  recipe to execute (from 'Makefile', line 24):
	@mkdir -p $(BDIR)
	gcc-9  $? -o $@ $(CFLAGS) 

# Not a target:
.DEFAULT:
#  Implicit rule search has not been done.
#  Modification time never checked.
#  File has not been updated.

all: bin/main
#  Command line target.
#  Implicit rule search has not been done.
#  File does not exist.
#  File has been updated.
#  Needs to be updated (-q is set).
# variable set hash-table stats:
# Load=0/32=0%, Rehash=0, Collisions=0/6=0%
#  recipe to execute (from 'Makefile', line 21):
	

doc:
#  Implicit rule search has not been done.
#  Modification time never checked.
#  File has not been updated.
#  recipe to execute (from 'Makefile', line 47):
	@doxygen

help:
#  Implicit rule search has not been done.
#  Modification time never checked.
#  File has not been updated.
#  recipe to execute (from 'Makefile', line 50):
	@echo "======== Help Arbre Généologique $(VER) ========"
	@echo "./bin/main <grille>: éxécuter le programme"
	@echo "make: compiler le programme"
	@echo "make clean: effacer les fichiers générés"
	@echo "make dist: créer une archive du projet"
	@echo "make doc: générér la documentation doxygen"
	@echo "make help: afficher l'aide"

# Not a target:
obj/listeg.o:
#  Implicit rule search has not been done.
#  Modification time never checked.
#  File has not been updated.

# files hash-table stats:
# Load=14/1024=1%, Rehash=0, Collisions=0/36=0%
# VPATH Search Paths

vpath %.c src
vpath %.o obj

# 2 'vpath' search paths.

# No general ('VPATH' variable) search path.

# strcache buffers: 1 (0) / strings = 32 / storage = 249 B / avg = 7 B
# current buf: size = 8162 B / used = 249 B / count = 32 / avg = 7 B

# strcache performance: lookups = 50 / hit rate = 36%
# hash-table stats:
# Load=32/8192=0%, Rehash=0, Collisions=0/50=0%
# Finished Make data base on Thu May 12 16:04:09 2022

 
